<?xml version="1.0" encoding="UTF-8"?>
<!-- Generated by org.testng.reporters.JUnitReportReporter -->
<testsuite hostname="INBook_X1" failures="0" tests="1" name="tests.RegisterPageTest" time="10.818" errors="0" timestamp="2023-03-12T17:23:40 IST" skipped="0">
  <testcase classname="tests.RegisterPageTest" name="registrationTest" time="10.818"/>
  <system-out/>
</testsuite> <!-- tests.RegisterPageTest -->
