<?xml version="1.0" encoding="UTF-8"?>
<!-- Generated by org.testng.reporters.JUnitReportReporter -->
<testsuite hostname="INBook_X1" failures="0" tests="1" name="tests.LandingPageTest" time="10.385" errors="0" timestamp="2023-05-21T15:14:44 IST" skipped="0">
  <testcase classname="tests.LandingPageTest" name="landpage" time="10.385"/>
  <system-out/>
</testsuite> <!-- tests.LandingPageTest -->
